[cn6009:2982945] pml_ucx.c:313  Error: Failed to create UCP worker
[cn6009:2982947] pml_ucx.c:313  Error: Failed to create UCP worker
[cn6009:2982941] pml_ucx.c:313  Error: Failed to create UCP worker
[cn6009:2982946] pml_ucx.c:313  Error: Failed to create UCP worker
[cn6009:2982948] pml_ucx.c:313  Error: Failed to create UCP worker
[cn6009:2982944] pml_ucx.c:313  Error: Failed to create UCP worker
[cn6009:2982942] pml_ucx.c:313  Error: Failed to create UCP worker
[cn6009:2982943] pml_ucx.c:313  Error: Failed to create UCP worker
[cn6009:2982943:0:2982951] Caught signal 11 (Segmentation fault: invalid permissions for mapped object at address 0x14b6b7e42000)
==== backtrace (tid:2982951) ====
 0  /lib64/libucs.so.0(ucs_handle_error+0x2a4) [0x14b60d8c0a54]
 1  /lib64/libucs.so.0(+0x26c2c) [0x14b60d8c0c2c]
 2  /lib64/libucs.so.0(+0x26dfa) [0x14b60d8c0dfa]
 3  [0x14b6988d1389]
=================================
[cn6009:2982943] *** Process received signal ***
[cn6009:2982943] Signal: Aborted (6)
[cn6009:2982943] Signal code:  (-6)
[cn6009:2982943] [ 0] /lib64/libpthread.so.0(+0x12ce0)[0x14b6b7a28ce0]
[cn6009:2982943] [ 1] /lib64/libc.so.6(gsignal+0x10f)[0x14b6b749ba9f]
[cn6009:2982943] [ 2] /lib64/libc.so.6(abort+0x127)[0x14b6b746ee05]
[cn6009:2982943] [ 3] /LUSTRE/SOFT/calendula/icelake/rocky8/EB/software/Java/21.0.2/lib/server/libjvm.so(+0x298603)[0x14b6b61b1603]
[cn6009:2982943] [ 4] /LUSTRE/SOFT/calendula/icelake/rocky8/EB/software/Java/21.0.2/lib/server/libjvm.so(+0xfed9e9)[0x14b6b6f069e9]
[cn6009:2982943] [ 5] /LUSTRE/SOFT/calendula/icelake/rocky8/EB/software/Java/21.0.2/lib/server/libjvm.so(+0xfee13b)[0x14b6b6f0713b]
[cn6009:2982943] [ 6] /LUSTRE/SOFT/calendula/icelake/rocky8/EB/software/Java/21.0.2/lib/server/libjvm.so(+0xfee15e)[0x14b6b6f0715e]
[cn6009:2982943] [ 7] /LUSTRE/SOFT/calendula/icelake/rocky8/EB/software/Java/21.0.2/lib/server/libjvm.so(JVM_handle_linux_signal+0x2e6)[0x14b6b6d6d1c6]
[cn6009:2982943] [ 8] /lib64/libpthread.so.0(+0x12ce0)[0x14b6b7a28ce0]
[cn6009:2982943] [ 9] [0x14b6988d1389]
[cn6009:2982943] *** End of error message ***
--------------------------------------------------------------------------
prterun noticed that process rank 2 with PID 2982943 on node cn6009 exited on
signal 6 (Aborted).
--------------------------------------------------------------------------
