[qelr_create_qp:683]create qp: failed on ibv_cmd_create_qp with 22
[qelr_create_qp:683]create qp: failed on ibv_cmd_create_qp with 22
[qelr_create_qp:683]create qp: failed on ibv_cmd_create_qp with 22
[qelr_create_qp:683]create qp: failed on ibv_cmd_create_qp with 22
[qelr_create_qp:683]create qp: failed on ibv_cmd_create_qp with 22
[qelr_create_qp:683]create qp: failed on ibv_cmd_create_qp with 22
[qelr_create_qp:683]create qp: failed on ibv_cmd_create_qp with 22
[qelr_create_qp:683]create qp: failed on ibv_cmd_create_qp with 22
[qelr_create_qp:683]create qp: failed on ibv_cmd_create_qp with 22
[qelr_create_qp:683]create qp: failed on ibv_cmd_create_qp with 22
[qelr_create_qp:683]create qp: failed on ibv_cmd_create_qp with 22
[qelr_create_qp:683]create qp: failed on ibv_cmd_create_qp with 22
[qelr_create_qp:683]create qp: failed on ibv_cmd_create_qp with 22
[qelr_create_qp:683]create qp: failed on ibv_cmd_create_qp with 22
[qelr_create_qp:683]create qp: failed on ibv_cmd_create_qp with 22
[qelr_create_qp:683]create qp: failed on ibv_cmd_create_qp with 22
[qelr_create_qp:683]create qp: failed on ibv_cmd_create_qp with 22
[qelr_create_qp:683]create qp: failed on ibv_cmd_create_qp with 22
[qelr_create_qp:683]create qp: failed on ibv_cmd_create_qp with 22
[qelr_create_qp:683]create qp: failed on ibv_cmd_create_qp with 22
[qelr_create_qp:683]create qp: failed on ibv_cmd_create_qp with 22
[qelr_create_qp:683]create qp: failed on ibv_cmd_create_qp with 22
[qelr_create_qp:683]create qp: failed on ibv_cmd_create_qp with 22
[qelr_create_qp:683]create qp: failed on ibv_cmd_create_qp with 22
[qelr_create_qp:683]create qp: failed on ibv_cmd_create_qp with 22
[qelr_create_qp:683]create qp: failed on ibv_cmd_create_qp with 22
[qelr_create_qp:683]create qp: failed on ibv_cmd_create_qp with 22
[qelr_create_qp:683]create qp: failed on ibv_cmd_create_qp with 22
[qelr_create_qp:683]create qp: failed on ibv_cmd_create_qp with 22
[qelr_create_qp:683]create qp: failed on ibv_cmd_create_qp with 22
[qelr_create_qp:683]create qp: failed on ibv_cmd_create_qp with 22
[qelr_create_qp:683]create qp: failed on ibv_cmd_create_qp with 22
[qelr_create_qp:683]create qp: failed on ibv_cmd_create_qp with 22
[qelr_create_qp:683]create qp: failed on ibv_cmd_create_qp with 22
[qelr_create_qp:683]create qp: failed on ibv_cmd_create_qp with 22
[qelr_create_qp:683]create qp: failed on ibv_cmd_create_qp with 22
[qelr_create_qp:683]create qp: failed on ibv_cmd_create_qp with 22
[qelr_create_qp:683]create qp: failed on ibv_cmd_create_qp with 22
[qelr_create_qp:683]create qp: failed on ibv_cmd_create_qp with 22
[qelr_create_qp:683]create qp: failed on ibv_cmd_create_qp with 22
[qelr_create_qp:683]create qp: failed on ibv_cmd_create_qp with 22
[qelr_create_qp:683]create qp: failed on ibv_cmd_create_qp with 22
[qelr_create_qp:683]create qp: failed on ibv_cmd_create_qp with 22
[qelr_create_qp:683]create qp: failed on ibv_cmd_create_qp with 22
[qelr_create_qp:683]create qp: failed on ibv_cmd_create_qp with 22
[qelr_create_qp:683]create qp: failed on ibv_cmd_create_qp with 22
[qelr_create_qp:683]create qp: failed on ibv_cmd_create_qp with 22
[qelr_create_qp:683]create qp: failed on ibv_cmd_create_qp with 22
[qelr_create_qp:683]create qp: failed on ibv_cmd_create_qp with 22
[qelr_create_qp:683]create qp: failed on ibv_cmd_create_qp with 22
[qelr_create_qp:683]create qp: failed on ibv_cmd_create_qp with 22
[qelr_create_qp:683]create qp: failed on ibv_cmd_create_qp with 22
[qelr_create_qp:683]create qp: failed on ibv_cmd_create_qp with 22
[qelr_create_qp:683]create qp: failed on ibv_cmd_create_qp with 22
[qelr_create_qp:683]create qp: failed on ibv_cmd_create_qp with 22
[qelr_create_qp:683]create qp: failed on ibv_cmd_create_qp with 22
[qelr_create_qp:683]create qp: failed on ibv_cmd_create_qp with 22
[qelr_create_qp:683]create qp: failed on ibv_cmd_create_qp with 22
[qelr_create_qp:683]create qp: failed on ibv_cmd_create_qp with 22
[qelr_create_qp:683]create qp: failed on ibv_cmd_create_qp with 22
[qelr_create_qp:683]create qp: failed on ibv_cmd_create_qp with 22
[qelr_create_qp:683]create qp: failed on ibv_cmd_create_qp with 22
[qelr_create_qp:683]create qp: failed on ibv_cmd_create_qp with 22
[qelr_create_qp:683]create qp: failed on ibv_cmd_create_qp with 22
[qelr_create_qp:683]create qp: failed on ibv_cmd_create_qp with 22
[qelr_create_qp:683]create qp: failed on ibv_cmd_create_qp with 22
[qelr_create_qp:683]create qp: failed on ibv_cmd_create_qp with 22
[qelr_create_qp:683]create qp: failed on ibv_cmd_create_qp with 22
[qelr_create_qp:683]create qp: failed on ibv_cmd_create_qp with 22
[qelr_create_qp:683]create qp: failed on ibv_cmd_create_qp with 22
[qelr_create_qp:683]create qp: failed on ibv_cmd_create_qp with 22
[qelr_create_qp:683]create qp: failed on ibv_cmd_create_qp with 22
[qelr_create_qp:683]create qp: failed on ibv_cmd_create_qp with 22
[qelr_create_qp:683]create qp: failed on ibv_cmd_create_qp with 22
[qelr_create_qp:683]create qp: failed on ibv_cmd_create_qp with 22
[qelr_create_qp:683]create qp: failed on ibv_cmd_create_qp with 22
[qelr_create_qp:683]create qp: failed on ibv_cmd_create_qp with 22
[qelr_create_qp:683]create qp: failed on ibv_cmd_create_qp with 22
[qelr_create_qp:683]create qp: failed on ibv_cmd_create_qp with 22
[qelr_create_qp:683]create qp: failed on ibv_cmd_create_qp with 22

java:36501 terminated with signal 11 at PC=2ba348d70357 SP=2ba427d436c0\00  Backtrace:

java:36501 terminated with signal 11 at PC=2ba348d70357 SP=2ba427d436c0\00  Backtrace:
.  Backtrace:
\00\00\00\00\00\00\00.  Backtrace:

java:36501 terminated with signal 11 at PC=2ba348d
java:36501 terminated with signal 11 at PC=2ba348d70357 SP=2ba427d436c0\00  Backtrace:
.  Backtrace:
[0x2ba348d70357]
[0x2ba348d70357]
[0x2ba348d70357]
[0x2ba348d70357]

java:36500 terminated with signal 11 at PC=2ba8b02fdc57 SP=2ba98dea26c0.  Backtrace:

java:36500 terminated with signal 11 at PC=2ba8b02fdc57 SP=2ba98dea26c0.  Backtrace:
\00\00\00\00\00\00\00\00\00\00\00\00\00\00[0x2ba8b02fdc57]

java:36503 terminated with signal 11 at PC=2b669c2fadb7 SP=2b67788316c0\00  Backtrace:
.  Backtrace:

java:36503 terminated with signal 11 at PC=2b669c2fadb7 SP=2b67788316c0\00  Backtrace:
.  Backtrace:
\00\00\00\00\00\00\00\00\00\00\00\00\00\00
java:36503 terminated with signal 11 at PC=2b669c2fadb7 SP=2b67788316c0\00  Backtrace:
.  Backtrace:
\00\00\00\00\00\00\00\00\00\00\00\00\00\00\00\00\00\00\00\00\00\00\00\00\00\00\00\00\00\00\00\00\00\00\00.  Backtrace:

java:36503 terminated with signal 11 at PC=2b669c2[0x2ba8b02fdc57]

java:36500 terminated with signal 11 at PC=2ba8b02fdc57 SP=2ba98dfa36c0.  Backtrace:
[0x2ba8b02fdc57]

java:36500 terminated with signal 11 at PC=2ba8b02fdc57 SP=2ba98d0946c0.  Backtrace:
[0x2ba8b02fdc57]
[0x2b669c2fadb7]
[0x2b669c2fadb7]
[0x2b669c2fadb7]
[0x2b669c2fadb7]

java:36502 terminated with signal 11 at PC=2aaecc2fc057 SP=2aafaabab6c0.  Backtrace:

java:36502 terminated with signal 11 at PC=2aaecc2fc057 SP=2aafaafaf6c0\00  Backtrace:

java:36502 terminated with signal 11 at PC=2aaecc2fc057 SP=2aafaafaf6c0\00  Backtrace:
\00\00\00\00\00\00\00\00\00\00\00\00\00\00\00\00\00\00\00\00\00\00\00\00\00\00\00\00\00\00\00\00\00\00\00.  Backtrace:

java:36502 terminated with signal 11 at PC=2aaecc2fc057 SP=2aafaa7a76c0.  Backtrace:
[0x2aaecc2fc057]
[0x2aaecc2fc057]
[0x2aaecc2fc057]
[0x2aaecc2fc057]
--------------------------------------------------------------------------
    This help section is empty because PRRTE was built without Sphinx.
--------------------------------------------------------------------------
